app/build/intermediates/manifest_merge_blame_file/release/manifest-merger-blame-release-report.txt
1<?xml version="1.0" encoding="utf-8"?>
2<manifest xmlns:android="http://schemas.android.com/apk/res/android"
3    package="com.noumi.sms"
4    android:versionCode="1"
5    android:versionName="1.0.1" >
6
7    <uses-sdk
8        android:minSdkVersion="19"
8-->src\main\AndroidManifest.xml
9        android:targetSdkVersion="28" />
9-->src\main\AndroidManifest.xml
10
11    <!--
12         The ACCESS_COARSE/FINE_LOCATION permissions are not required to use
13         Google Maps Android API v2, but you must specify either coarse or fine
14         location permissions for the 'MyLocation' functionality.
15    -->
16    <uses-permission android:name="android.permission.ACCESS_FINE_LOCATION" />
16-->src\main\AndroidManifest.xml:11:5-79
16-->src\main\AndroidManifest.xml:11:22-76
17    <uses-permission android:name="android.permission.INTERNET" />
17-->src\main\AndroidManifest.xml:12:5-67
17-->src\main\AndroidManifest.xml:12:22-64
18
19    <uses-permission-sdk-23 android:name="android.permission.INTERNET" />
19-->src\main\AndroidManifest.xml:13:5-74
19-->src\main\AndroidManifest.xml:13:29-71
20
21    <uses-permission android:name="android.permission.ACCESS_NETWORK_STATE" />
21-->[com.google.firebase:firebase-database:16.0.4] AndroidManifest.xml:22:5-79
21-->[com.google.firebase:firebase-database:16.0.4] AndroidManifest.xml:22:22-76
22
23    <uses-feature
23-->[com.google.android.gms:play-services-maps:16.1.0] AndroidManifest.xml:26:5-28:35
24        android:glEsVersion="0x00020000"
24-->[com.google.android.gms:play-services-maps:16.1.0] AndroidManifest.xml:27:9-41
25        android:required="true" />
25-->[com.google.android.gms:play-services-maps:16.1.0] AndroidManifest.xml:28:9-32
26
27    <application
27-->src\main\AndroidManifest.xml:15:5-82:19
28        android:name="android.support.multidex.MultiDexApplication"
29        android:allowBackup="true"
29-->src\main\AndroidManifest.xml:16:9-35
30        android:appComponentFactory="android.support.v4.app.CoreComponentFactory"
30-->[com.android.support:support-compat:28.0.0] AndroidManifest.xml:22:18-91
31        android:icon="@mipmap/ic_launcher"
31-->src\main\AndroidManifest.xml:17:9-43
32        android:label="@string/app_name"
32-->src\main\AndroidManifest.xml:18:9-41
33        android:roundIcon="@mipmap/ic_launcher_round"
33-->src\main\AndroidManifest.xml:19:9-54
34        android:supportsRtl="true"
34-->src\main\AndroidManifest.xml:20:9-35
35        android:theme="@style/AppTheme" >
35-->src\main\AndroidManifest.xml:21:9-40
36
37        <!--
38             The API key for Google Maps-based APIs is defined as a string resource.
39             (See the file "res/values/google_maps_api.xml").
40             Note that the API key is linked to the encryption key used to sign the APK.
41             You need a different API key for each encryption key, including the release key that is used to
42             sign the APK for publishing.
43             You can define the keys for the debug and release targets in src/debug/ and src/release/.
44        -->
45        <meta-data
45-->src\main\AndroidManifest.xml:31:9-33:69
46            android:name="com.google.android.gms.version"
46-->src\main\AndroidManifest.xml:32:13-58
47            android:value="@integer/google_play_services_version" />
47-->src\main\AndroidManifest.xml:33:13-66
48        <meta-data
48-->src\main\AndroidManifest.xml:35:9-37:55
49            android:name="com.google.android.geo.API_KEY"
49-->src\main\AndroidManifest.xml:36:13-58
50            android:value="@string/google_maps_key" />
50-->src\main\AndroidManifest.xml:37:13-52
51
52        <activity
52-->src\main\AndroidManifest.xml:39:9-41:73
53            android:name="com.noumi.sms.ui.tutors.map.TutorMapActivity"
53-->src\main\AndroidManifest.xml:40:13-59
54            android:label="@string/title_activity_tutor_map" />
54-->src\main\AndroidManifest.xml:41:13-61
55        <activity android:name="com.noumi.sms.ui.chat.room.ChatRoomActivity" />
55-->src\main\AndroidManifest.xml:42:9-67
55-->src\main\AndroidManifest.xml:42:19-64
56        <activity
56-->src\main\AndroidManifest.xml:43:9-47:52
57            android:name="com.noumi.sms.ui.tutors.detail.TutorDetailActivity"
57-->src\main\AndroidManifest.xml:44:13-65
58            android:label="Tutor Details"
58-->src\main\AndroidManifest.xml:45:13-42
59            android:parentActivityName="com.noumi.sms.ui.tutors.list.TutorListActivity"
59-->src\main\AndroidManifest.xml:46:13-75
60            android:screenOrientation="portrait" />
60-->src\main\AndroidManifest.xml:47:13-49
61        <activity
61-->src\main\AndroidManifest.xml:48:9-51:52
62            android:name="com.noumi.sms.ui.tutors.profile.TutorProfileActivity"
62-->src\main\AndroidManifest.xml:49:13-67
63            android:label="Tutor Profile"
63-->src\main\AndroidManifest.xml:50:13-42
64            android:screenOrientation="portrait" />
64-->src\main\AndroidManifest.xml:51:13-49
65        <activity
65-->src\main\AndroidManifest.xml:52:9-55:52
66            android:name="com.noumi.sms.ui.forgotpassword.ForgotPasswordActivity"
66-->src\main\AndroidManifest.xml:53:13-69
67            android:label="Reset Password"
67-->src\main\AndroidManifest.xml:54:13-43
68            android:screenOrientation="portrait" />
68-->src\main\AndroidManifest.xml:55:13-49
69        <activity
69-->src\main\AndroidManifest.xml:56:9-59:52
70            android:name="com.noumi.sms.ui.students.list.StudentListActivity"
70-->src\main\AndroidManifest.xml:57:13-65
71            android:label="Browse Students"
71-->src\main\AndroidManifest.xml:58:13-44
72            android:screenOrientation="portrait" />
72-->src\main\AndroidManifest.xml:59:13-49
73        <activity
73-->src\main\AndroidManifest.xml:60:9-63:52
74            android:name="com.noumi.sms.ui.tutors.list.TutorListActivity"
74-->src\main\AndroidManifest.xml:61:13-61
75            android:label="Browse Tutors"
75-->src\main\AndroidManifest.xml:62:13-42
76            android:screenOrientation="portrait" />
76-->src\main\AndroidManifest.xml:63:13-49
77        <activity
77-->src\main\AndroidManifest.xml:64:9-67:52
78            android:name="com.noumi.sms.ui.signup.SignupActivity"
78-->src\main\AndroidManifest.xml:65:13-53
79            android:label="Signup FindMyTutor"
79-->src\main\AndroidManifest.xml:66:13-47
80            android:screenOrientation="portrait" />
80-->src\main\AndroidManifest.xml:67:13-49
81        <activity
81-->src\main\AndroidManifest.xml:68:9-77:20
82            android:name="com.noumi.sms.ui.login.LoginActivity"
82-->src\main\AndroidManifest.xml:69:13-51
83            android:label="Login FindMyTutor"
83-->src\main\AndroidManifest.xml:70:13-46
84            android:screenOrientation="portrait" >
84-->src\main\AndroidManifest.xml:71:13-49
85            <intent-filter>
85-->src\main\AndroidManifest.xml:72:13-76:29
86                <action android:name="android.intent.action.MAIN" />
86-->src\main\AndroidManifest.xml:73:17-69
86-->src\main\AndroidManifest.xml:73:25-66
87
88                <category android:name="android.intent.category.LAUNCHER" />
88-->src\main\AndroidManifest.xml:75:17-77
88-->src\main\AndroidManifest.xml:75:27-74
89            </intent-filter>
90        </activity>
91        <activity android:name="com.noumi.sms.ui.tuition.list.TuitionsListActivity" />
91-->src\main\AndroidManifest.xml:78:9-74
91-->src\main\AndroidManifest.xml:78:19-71
92        <activity android:name="com.noumi.sms.ui.students.profile.StudentProfileActivity" />
92-->src\main\AndroidManifest.xml:79:9-80
92-->src\main\AndroidManifest.xml:79:19-77
93        <activity android:name="com.noumi.sms.ui.tuition.detail.TuitionDetailActivity" />
93-->src\main\AndroidManifest.xml:80:9-77
93-->src\main\AndroidManifest.xml:80:19-74
94        <activity android:name="com.noumi.sms.ui.chat.list.ChatListActivity" />
94-->src\main\AndroidManifest.xml:81:9-67
94-->src\main\AndroidManifest.xml:81:19-64
95        <activity
95-->[com.google.firebase:firebase-auth:16.0.5] AndroidManifest.xml:24:9-31:50
96            android:name="com.google.firebase.auth.internal.FederatedSignInActivity"
96-->[com.google.firebase:firebase-auth:16.0.5] AndroidManifest.xml:25:13-85
97            android:excludeFromRecents="true"
97-->[com.google.firebase:firebase-auth:16.0.5] AndroidManifest.xml:26:13-46
98            android:exported="true"
98-->[com.google.firebase:firebase-auth:16.0.5] AndroidManifest.xml:27:13-36
99            android:launchMode="singleTask"
99-->[com.google.firebase:firebase-auth:16.0.5] AndroidManifest.xml:28:13-44
100            android:permission="com.google.firebase.auth.api.gms.permission.LAUNCH_FEDERATED_SIGN_IN"
100-->[com.google.firebase:firebase-auth:16.0.5] AndroidManifest.xml:29:13-102
101            android:theme="@android:style/Theme.Translucent.NoTitleBar" />
101-->[com.google.firebase:firebase-auth:16.0.5] AndroidManifest.xml:30:13-72
102
103        <service
103-->[com.google.firebase:firebase-auth:16.0.5] AndroidManifest.xml:33:9-39:19
104            android:name="com.google.firebase.components.ComponentDiscoveryService"
104-->[com.google.firebase:firebase-auth:16.0.5] AndroidManifest.xml:34:13-84
105            android:exported="false" >
105-->[com.google.firebase:firebase-auth:16.0.5] AndroidManifest.xml:35:13-37
106            <meta-data
106-->[com.google.firebase:firebase-auth:16.0.5] AndroidManifest.xml:36:13-38:85
107                android:name="com.google.firebase.components:com.google.firebase.auth.FirebaseAuthRegistrar"
107-->[com.google.firebase:firebase-auth:16.0.5] AndroidManifest.xml:37:17-109
108                android:value="com.google.firebase.components.ComponentRegistrar" />
108-->[com.google.firebase:firebase-auth:16.0.5] AndroidManifest.xml:38:17-82
109            <meta-data
109-->[com.google.firebase:firebase-firestore:17.1.2] AndroidManifest.xml:15:13-17:85
110                android:name="com.google.firebase.components:com.google.firebase.firestore.FirestoreRegistrar"
110-->[com.google.firebase:firebase-firestore:17.1.2] AndroidManifest.xml:16:17-111
111                android:value="com.google.firebase.components.ComponentRegistrar" />
111-->[com.google.firebase:firebase-firestore:17.1.2] AndroidManifest.xml:17:17-82
112        </service> <!-- Needs to be explicitly declared on P+ -->
113        <uses-library
113-->[com.google.android.gms:play-services-maps:16.1.0] AndroidManifest.xml:33:9-35:40
114            android:name="org.apache.http.legacy"
114-->[com.google.android.gms:play-services-maps:16.1.0] AndroidManifest.xml:34:13-50
115            android:required="false" />
115-->[com.google.android.gms:play-services-maps:16.1.0] AndroidManifest.xml:35:13-37
116
117        <activity
117-->[com.google.android.gms:play-services-base:16.0.1] AndroidManifest.xml:23:9-26:75
118            android:name="com.google.android.gms.common.api.GoogleApiActivity"
118-->[com.google.android.gms:play-services-base:16.0.1] AndroidManifest.xml:24:13-79
119            android:exported="false"
119-->[com.google.android.gms:play-services-base:16.0.1] AndroidManifest.xml:25:13-37
120            android:theme="@android:style/Theme.Translucent.NoTitleBar" />
120-->[com.google.android.gms:play-services-base:16.0.1] AndroidManifest.xml:26:13-72
121
122        <provider
122-->[com.google.firebase:firebase-common:16.0.3] AndroidManifest.xml:10:9-14:39
123            android:name="com.google.firebase.provider.FirebaseInitProvider"
123-->[com.google.firebase:firebase-common:16.0.3] AndroidManifest.xml:11:13-77
124            android:authorities="com.noumi.sms.firebaseinitprovider"
124-->[com.google.firebase:firebase-common:16.0.3] AndroidManifest.xml:12:13-72
125            android:exported="false"
125-->[com.google.firebase:firebase-common:16.0.3] AndroidManifest.xml:13:13-37
126            android:initOrder="100" />
126-->[com.google.firebase:firebase-common:16.0.3] AndroidManifest.xml:14:13-36
127    </application>
128
129</manifest>